2025-04-10 12:30:40 - DÉBUT TRAITEMENT ÉVALUATION - audit:9, point:7
2025-04-10 12:30:40 - Valeurs traitées: mesure_reglementaire=0, non_audite=1
2025-04-10 12:30:40 - Le point existe: OUI
2025-04-10 12:30:40 - Mise à jour réussie, lignes affectées: 0
2025-04-10 12:30:40 - Transaction de mise à jour validée
2025-04-10 12:30:55 - DÉBUT TRAITEMENT ÉVALUATION - audit:9, point:7
2025-04-10 12:30:55 - Valeurs traitées: mesure_reglementaire=0, non_audite=1
2025-04-10 12:30:55 - Le point existe: OUI
2025-04-10 12:30:55 - Mise à jour réussie, lignes affectées: 0
2025-04-10 12:30:55 - Transaction de mise à jour validée
2025-04-10 12:33:47 - DÉBUT TRAITEMENT ÉVALUATION - audit:9, point:7
2025-04-10 12:33:47 - Valeurs traitées: mesure_reglementaire=0, non_audite=1
2025-04-10 12:33:47 - Le point existe: OUI
2025-04-10 12:33:47 - Mise à jour réussie, lignes affectées: 1
2025-04-10 12:33:47 - Transaction de mise à jour validée
2025-04-10 12:34:17 - DÉBUT TRAITEMENT ÉVALUATION - audit:9, point:7
2025-04-10 12:34:17 - Valeurs traitées: mesure_reglementaire=0, non_audite=1
2025-04-10 12:34:17 - Le point existe: OUI
2025-04-10 12:34:17 - Mise à jour réussie, lignes affectées: 1
2025-04-10 12:34:17 - Transaction de mise à jour validée
2025-04-10 12:36:29 - DÉBUT TRAITEMENT ÉVALUATION - audit:9, point:7
2025-04-10 12:36:29 - Valeurs traitées: mesure_reglementaire=0, non_audite=1
2025-04-10 12:36:29 - Le point existe: OUI
2025-04-10 12:36:29 - Mise à jour réussie, lignes affectées: 1
2025-04-10 12:36:29 - Transaction de mise à jour validée
2025-04-10 13:25:35 - DÉBUT TRAITEMENT ÉVALUATION - audit:9, point:7
2025-04-10 13:25:35 - Valeurs traitées: mesure_reglementaire=0, non_audite=1
2025-04-10 13:25:35 - Le point existe: OUI
2025-04-10 13:25:35 - Mise à jour réussie, lignes affectées: 0
2025-04-10 13:25:35 - Transaction de mise à jour validée
2025-04-10 13:25:43 - DÉBUT TRAITEMENT ÉVALUATION - audit:9, point:7
2025-04-10 13:25:43 - Valeurs traitées: mesure_reglementaire=0, non_audite=1
2025-04-10 13:25:43 - Le point existe: OUI
2025-04-10 13:25:43 - Mise à jour réussie, lignes affectées: 0
2025-04-10 13:25:43 - Transaction de mise à jour validée
2025-04-10 13:26:18 - DÉBUT TRAITEMENT ÉVALUATION - audit:9, point:7
2025-04-10 13:26:18 - Valeurs traitées: mesure_reglementaire=0, non_audite=1
2025-04-10 13:26:18 - Le point existe: OUI
2025-04-10 13:26:18 - Mise à jour réussie, lignes affectées: 0
2025-04-10 13:26:18 - Transaction de mise à jour validée
2025-04-10 13:27:50 - DÉBUT TRAITEMENT ÉVALUATION - audit:9, point:7
2025-04-10 13:27:50 - Valeurs traitées: mesure_reglementaire=0, non_audite=1
2025-04-10 13:27:50 - Le point existe: OUI
2025-04-10 13:27:50 - Mise à jour réussie, lignes affectées: 0
2025-04-10 13:27:50 - Transaction de mise à jour validée
2025-04-10 13:28:02 - DÉBUT TRAITEMENT ÉVALUATION - audit:9, point:7
2025-04-10 13:28:02 - Valeurs traitées: mesure_reglementaire=0, non_audite=1
2025-04-10 13:28:02 - Le point existe: OUI
2025-04-10 13:28:02 - Mise à jour réussie, lignes affectées: 0
2025-04-10 13:28:02 - Transaction de mise à jour validée
2025-04-10 13:33:14 - DÉBUT TRAITEMENT ÉVALUATION - audit:9, point:7
2025-04-10 13:33:14 - Valeurs traitées: mesure_reglementaire=0, non_audite=1
2025-04-10 13:33:14 - Le point existe: OUI
2025-04-10 13:33:14 - Mise à jour réussie, lignes affectées: 0
2025-04-10 13:33:14 - Transaction de mise à jour validée
2025-04-10 13:33:31 - DÉBUT TRAITEMENT ÉVALUATION - audit:9, point:7
2025-04-10 13:33:31 - Valeurs traitées: mesure_reglementaire=0, non_audite=1
2025-04-10 13:33:31 - Le point existe: OUI
2025-04-10 13:33:31 - Mise à jour réussie, lignes affectées: 0
2025-04-10 13:33:31 - Transaction de mise à jour validée
2025-04-10 13:33:37 - DÉBUT TRAITEMENT ÉVALUATION - audit:9, point:7
2025-04-10 13:33:37 - Valeurs traitées: mesure_reglementaire=1, non_audite=1
2025-04-10 13:33:37 - Le point existe: OUI
2025-04-10 13:33:37 - Mise à jour réussie, lignes affectées: 1
2025-04-10 13:33:37 - Transaction de mise à jour validée
2025-04-10 13:34:07 - DÉBUT TRAITEMENT ÉVALUATION - audit:9, point:7
2025-04-10 13:34:07 - Valeurs traitées: mesure_reglementaire=1, non_audite=1
2025-04-10 13:34:07 - Le point existe: OUI
2025-04-10 13:34:07 - Mise à jour réussie, lignes affectées: 0
2025-04-10 13:34:07 - Transaction de mise à jour validée
2025-04-10 13:34:17 - DÉBUT TRAITEMENT ÉVALUATION - audit:9, point:7
2025-04-10 13:34:17 - Valeurs traitées: mesure_reglementaire=0, non_audite=1
2025-04-10 13:34:17 - Le point existe: OUI
2025-04-10 13:34:17 - Mise à jour réussie, lignes affectées: 1
2025-04-10 13:34:17 - Transaction de mise à jour validée
2025-04-10 13:36:23 - DÉBUT TRAITEMENT ÉVALUATION - audit:9, point:8
2025-04-10 13:36:23 - Valeurs traitées: mesure_reglementaire=0, non_audite=1
2025-04-10 13:36:23 - Le point existe: OUI
2025-04-10 13:36:23 - Mise à jour réussie, lignes affectées: 1
2025-04-10 13:36:23 - Transaction de mise à jour validée
2025-04-10 13:36:36 - DÉBUT TRAITEMENT ÉVALUATION - audit:9, point:8
2025-04-10 13:36:36 - Valeurs traitées: mesure_reglementaire=1, non_audite=1
2025-04-10 13:36:36 - Le point existe: OUI
2025-04-10 13:36:36 - Mise à jour réussie, lignes affectées: 1
2025-04-10 13:36:36 - Transaction de mise à jour validée
2025-04-10 13:36:49 - DÉBUT TRAITEMENT ÉVALUATION - audit:9, point:8
2025-04-10 13:36:49 - Valeurs traitées: mesure_reglementaire=1, non_audite=1
2025-04-10 13:36:49 - Le point existe: OUI
2025-04-10 13:36:49 - Mise à jour réussie, lignes affectées: 1
2025-04-10 13:36:49 - Transaction de mise à jour validée
2025-04-10 13:37:21 - DÉBUT TRAITEMENT ÉVALUATION - audit:9, point:8
2025-04-10 13:37:21 - Valeurs traitées: mesure_reglementaire=1, non_audite=1
2025-04-10 13:37:21 - Le point existe: OUI
2025-04-10 13:37:21 - Mise à jour réussie, lignes affectées: 0
2025-04-10 13:37:21 - Transaction de mise à jour validée
2025-04-10 13:40:00 - DÉBUT TRAITEMENT ÉVALUATION - audit:9, point:8
2025-04-10 13:40:00 - Valeurs traitées: mesure_reglementaire=1, non_audite=1
2025-04-10 13:40:00 - Le point existe: OUI
2025-04-10 13:40:00 - Mise à jour réussie, lignes affectées: 0
2025-04-10 13:40:00 - Transaction de mise à jour validée
2025-04-10 14:11:31 - DÉBUT TRAITEMENT ÉVALUATION - audit:9, point:8
2025-04-10 14:11:31 - Valeurs traitées: mesure_reglementaire=1, non_audite=1
2025-04-10 14:11:31 - Le point existe: OUI
2025-04-10 14:11:31 - Mise à jour réussie, lignes affectées: 1
2025-04-10 14:11:31 - Transaction de mise à jour validée
